<?xml version="1.0" encoding="UTF-8"?>
<!-- Generated by org.testng.reporters.JUnitXMLReporter -->
<testsuite hostname="Surendra" name="Command line test" tests="38" failures="6" timestamp="27 Jul 2018 16:09:40 GMT" time="8698.883" errors="0">
  <testcase name="validateSearchWithInvaliddata" time="43.859" classname="com.cisco.gsx.testsuites.GSX"/>
  <testcase name="validatesearchpage" time="36.703" classname="com.cisco.gsx.testsuites.GSX"/>
  <testcase name="verifyAmericaGSPSession" time="35.739" classname="com.cisco.gsx.testsuites.GSX"/>
  <testcase name="verifyAmericaSession" time="67.535" classname="com.cisco.gsx.testsuites.GSX"/>
  <testcase name="verifyAustraliaSession" time="27.693" classname="com.cisco.gsx.testsuites.GSX"/>
  <testcase name="verifyBreakSessionConflict" time="62.087" classname="com.cisco.gsx.testsuites.GSX"/>
  <testcase name="verifyCategoryFiltertypes" time="31.715" classname="com.cisco.gsx.testsuites.GSX"/>
  <testcase name="verifyCheckinPage" time="36.016" classname="com.cisco.gsx.testsuites.GSX"/>
  <testcase name="verifyChinaSession" time="27.524" classname="com.cisco.gsx.testsuites.GSX"/>
  <testcase name="verifyEMEARSession" time="34.782" classname="com.cisco.gsx.testsuites.GSX"/>
  <testcase name="verifyFAQpage" time="38.57" classname="com.cisco.gsx.testsuites.GSX"/>
  <testcase name="verifyFaqPage" time="36.574" classname="com.cisco.gsx.testsuites.GSX"/>
  <testcase name="verifyFilterCategorytypes" time="37.613" classname="com.cisco.gsx.testsuites.GSX"/>
  <testcase name="verifyGSXForGood" time="31.103" classname="com.cisco.gsx.testsuites.GSX"/>
  <testcase name="verifyGeneralsession" time="32.995" classname="com.cisco.gsx.testsuites.GSX"/>
  <testcase name="verifyGettingAroundPage" time="37.199" classname="com.cisco.gsx.testsuites.GSX"/>
  <testcase name="verifyGlobalCelebrations" time="32.116" classname="com.cisco.gsx.testsuites.GSX"/>
  <testcase name="verifyMealsSessions" time="29.023" classname="com.cisco.gsx.testsuites.GSX"/>
  <testcase name="verifyMySchedulerpageplus" time="44.752" classname="com.cisco.gsx.testsuites.GSX"/>
  <testcase name="verifyPillarFiltertypes" time="33.336" classname="com.cisco.gsx.testsuites.GSX"/>
  <testcase name="verifyPillarSessions" time="2081.352" classname="com.cisco.gsx.testsuites.GSX">
    <failure type="java.lang.AssertionError" message="expected [true] but found [false]">
      <![CDATA[java.lang.AssertionError: expected [true] but found [false]
	at com.cisco.gsx.utilities.CommonUtil.logMessage(CommonUtil.java:702)
	at com.cisco.gsx.pageObjects.GSX_Filters.validatePillar(GSX_Filters.java:772)
	at com.cisco.gsx.pageObjects.GSX_Filters.verifyPillarSessions(GSX_Filters.java:525)
	at com.cisco.gsx.testsuites.GSX.verifyPillarSessions(GSX.java:387)
	at com.cisco.gsx.util.IdeabytesTestRunner.runGSXTestCases(IdeabytesTestRunner.java:296)
	at com.cisco.gsx.main.TestSuiteRunner.main(TestSuiteRunner.java:12)
... Removed 25 stack frames]]>
    </failure>
  </testcase> <!-- verifyPillarSessions -->
  <testcase name="verifyRegionalConflict" time="71.065" classname="com.cisco.gsx.testsuites.GSX"/>
  <testcase name="verifySearchTextInTabs" time="106.569" classname="com.cisco.gsx.testsuites.GSX"/>
  <testcase name="verifySessionDetailsLayout" time="44.69" classname="com.cisco.gsx.testsuites.GSX"/>
  <testcase name="verifySessionVenueDetails" time="2055.587" classname="com.cisco.gsx.testsuites.GSX">
    <failure type="java.lang.AssertionError" message="expected [true] but found [false]">
      <![CDATA[java.lang.AssertionError: expected [true] but found [false]
	at com.cisco.gsx.utilities.CommonUtil.logMessage(CommonUtil.java:702)
	at com.cisco.gsx.utilities.CommonUtil.findElement(CommonUtil.java:605)
	at com.cisco.gsx.utilities.CommonUtil.getText(CommonUtil.java:505)
	at com.cisco.gsx.pageObjects.Sessions.VenueDetails(Sessions.java:379)
	at com.cisco.gsx.pageObjects.Sessions.sessionsvenuedetails(Sessions.java:351)
	at com.cisco.gsx.testsuites.GSX.verifySessionVenueDetails(GSX.java:406)
	at com.cisco.gsx.util.IdeabytesTestRunner.runGSXTestCases(IdeabytesTestRunner.java:296)
	at com.cisco.gsx.main.TestSuiteRunner.main(TestSuiteRunner.java:12)
... Removed 25 stack frames]]>
    </failure>
  </testcase> <!-- verifySessionVenueDetails -->
  <testcase name="verifySessiosInCategoryFilters" time="37.306" classname="com.cisco.gsx.testsuites.GSX">
    <failure type="java.lang.AssertionError" message="expected [true] but found [false]">
      <![CDATA[java.lang.AssertionError: expected [true] but found [false]
	at com.cisco.gsx.utilities.CommonUtil.logMessage(CommonUtil.java:702)
	at com.cisco.gsx.pageObjects.GSX_Filters.filtersCount(GSX_Filters.java:370)
	at com.cisco.gsx.pageObjects.GSX_Filters.setCategoryFilters(GSX_Filters.java:792)
	at com.cisco.gsx.testsuites.GSX.verifySessiosInCategoryFilters(GSX.java:347)
	at com.cisco.gsx.util.IdeabytesTestRunner.runGSXTestCases(IdeabytesTestRunner.java:296)
	at com.cisco.gsx.main.TestSuiteRunner.main(TestSuiteRunner.java:12)
... Removed 25 stack frames]]>
    </failure>
  </testcase> <!-- verifySessiosInCategoryFilters -->
  <testcase name="verifySocialPage" time="47.938" classname="com.cisco.gsx.testsuites.GSX"/>
  <testcase name="verifySuperSessionConflict" time="2055.107" classname="com.cisco.gsx.testsuites.GSX">
    <failure type="java.lang.AssertionError" message="expected [true] but found [false]">
      <![CDATA[java.lang.AssertionError: expected [true] but found [false]
	at com.cisco.gsx.utilities.CommonUtil.logMessage(CommonUtil.java:702)
	at com.cisco.gsx.utilities.CommonUtil.findElement(CommonUtil.java:605)
	at com.cisco.gsx.utilities.CommonUtil.isElmentPrsent(CommonUtil.java:171)
	at com.cisco.gsx.pageObjects.Conflicts.supersession(Conflicts.java:219)
	at com.cisco.gsx.testsuites.GSX.verifySuperSessionConflict(GSX.java:1780)
	at com.cisco.gsx.util.IdeabytesTestRunner.runGSXTestCases(IdeabytesTestRunner.java:296)
	at com.cisco.gsx.main.TestSuiteRunner.main(TestSuiteRunner.java:12)
... Removed 25 stack frames]]>
    </failure>
  </testcase> <!-- verifySuperSessionConflict -->
  <testcase name="verifyTrackFilterSessions" time="73.861" classname="com.cisco.gsx.testsuites.GSX"/>
  <testcase name="verifyTrackFiltertypes" time="39.284" classname="com.cisco.gsx.testsuites.GSX"/>
  <testcase name="verifyTypeFilterSessions" time="105.609" classname="com.cisco.gsx.testsuites.GSX"/>
  <testcase name="verifyTypeFilterstypes" time="919.016" classname="com.cisco.gsx.testsuites.GSX">
    <failure type="java.lang.StringIndexOutOfBoundsException" message="String index out of range: -1">
      <![CDATA[java.lang.StringIndexOutOfBoundsException: String index out of range: -1
	at java.lang.String.substring(Unknown Source)
	at com.cisco.gsx.utilities.CommonUtil.getErroMsg(CommonUtil.java:689)
	at com.cisco.gsx.utilities.CommonUtil.getText(CommonUtil.java:513)
	at com.cisco.gsx.pageObjects.GSX_Filters.SessionTypeFilters(GSX_Filters.java:306)
	at com.cisco.gsx.testsuites.GSX.verifyTypeFilterstypes(GSX.java:334)
	at com.cisco.gsx.util.IdeabytesTestRunner.runGSXTestCases(IdeabytesTestRunner.java:296)
	at com.cisco.gsx.main.TestSuiteRunner.main(TestSuiteRunner.java:12)
... Removed 21 stack frames]]>
    </failure>
  </testcase> <!-- verifyTypeFilterstypes -->
  <testcase name="verifyWellness" time="41.682" classname="com.cisco.gsx.testsuites.GSX"/>
  <testcase name="verifyattendeespage" time="40.491" classname="com.cisco.gsx.testsuites.GSX"/>
  <testcase name="verifyrequiredSession" time="46.362" classname="com.cisco.gsx.testsuites.GSX"/>
  <testcase name="verifysessionsaddtomyagenda" time="64.51" classname="com.cisco.gsx.testsuites.GSX">
    <failure type="java.lang.AssertionError" message="expected [true] but found [false]">
      <![CDATA[java.lang.AssertionError: expected [true] but found [false]
	at com.cisco.gsx.utilities.CommonUtil.logMessage(CommonUtil.java:702)
	at com.cisco.gsx.utilities.CommonUtil.click(CommonUtil.java:403)
	at com.cisco.gsx.pageObjects.Sessions.sessionsaddtomyagenda(Sessions.java:167)
	at com.cisco.gsx.testsuites.GSX.verifysessionsaddtomyagenda(GSX.java:474)
	at com.cisco.gsx.util.IdeabytesTestRunner.runGSXTestCases(IdeabytesTestRunner.java:296)
	at com.cisco.gsx.main.TestSuiteRunner.main(TestSuiteRunner.java:12)
... Removed 25 stack frames]]>
    </failure>
  </testcase> <!-- verifysessionsaddtomyagenda -->
  <testcase name="verifysessionsspeakerdetailspage" time="58.248" classname="com.cisco.gsx.testsuites.GSX"/>
  <testcase name="verifysessionsspeakerorder" time="52.558" classname="com.cisco.gsx.testsuites.GSX"/>
</testsuite> <!-- Command line test -->
